<?xml version="1.0" encoding="UTF-8"?>
<!-- Generated by org.testng.reporters.JUnitReportReporter -->
<testsuite hostname="DESKTOP-1MMARS9" failures="0" tests="6" name="Vendor_Manifest_Auction" time="125.660" errors="0" timestamp="2025-04-10T16:57:02 IST" skipped="0">
  <testcase classname="Vendor_Manifest_Auction" name="OpenBrowser1" time="21.291"/>
  <system-out/>
  <testcase classname="Vendor_Manifest_Auction" name="OpenBrowser2" time="19.455"/>
  <system-out/>
  <testcase classname="Vendor_Manifest_Auction" name="OpenBrowser3" time="25.887"/>
  <system-out/>
  <testcase classname="Vendor_Manifest_Auction" name="OpenBrowser4" time="17.846"/>
  <system-out/>
  <testcase classname="Vendor_Manifest_Auction" name="OpenBrowser5" time="23.087"/>
  <system-out/>
  <testcase classname="Vendor_Manifest_Auction" name="OpenBrowser6" time="18.094"/>
  <system-out/>
</testsuite> <!-- Vendor_Manifest_Auction -->
