<?xml version="1.0" encoding="UTF-8"?>
<!-- Generated by org.testng.reporters.JUnitReportReporter -->
<testsuite hostname="DESKTOP-1MMARS9" failures="0" tests="1" name="Vendor_Manifest" time="50.231" errors="0" timestamp="2025-03-25T11:37:12 IST" skipped="0">
  <testcase classname="Vendor_Manifest" name="OpenBrowser" time="50.231"/>
  <system-out/>
</testsuite> <!-- Vendor_Manifest -->
