<?xml version="1.0" encoding="UTF-8"?>
<!-- Generated by org.testng.reporters.JUnitReportReporter -->
<testsuite hostname="DESKTOP-1MMARS9" failures="0" tests="1" name="Multiple_Bid" time="111.837" errors="0" timestamp="2025-03-31T16:36:21 IST" skipped="0">
  <testcase classname="Multiple_Bid" name="OpenBrowser" time="111.837"/>
  <system-out/>
</testsuite> <!-- Multiple_Bid -->
