<?xml version="1.0" encoding="UTF-8"?>
<!-- Generated by org.testng.reporters.JUnitReportReporter -->
<testsuite hostname="DESKTOP-1MMARS9" failures="0" tests="1" name="Vendor_Manifest" time="46.202" errors="0" timestamp="2025-03-25T15:08:54 IST" skipped="0">
  <testcase classname="Vendor_Manifest" name="OpenBrowser" time="46.202"/>
  <system-out/>
</testsuite> <!-- Vendor_Manifest -->
