<?xml version="1.0" encoding="UTF-8"?>
<!-- Generated by org.testng.reporters.JUnitReportReporter -->
<testsuite hostname="DESKTOP-1MMARS9" failures="0" tests="1" name="AWS" time="3.006" errors="0" timestamp="2024-09-09T15:45:21 IST" skipped="0">
  <testcase classname="AWS" name="OpenBrowser" time="3.006"/>
  <system-out/>
</testsuite> <!-- AWS -->
