<?xml version="1.0" encoding="UTF-8"?>
<!-- Generated by org.testng.reporters.JUnitReportReporter -->
<testsuite hostname="DESKTOP-1MMARS9" failures="0" tests="1" name="J1_MULTIPLE_USER_BID" time="117.795" errors="0" timestamp="2025-03-25T12:30:42 IST" skipped="0">
  <testcase classname="J1_MULTIPLE_USER_BID" name="OpenBrowser" time="117.795"/>
  <system-out/>
</testsuite> <!-- J1_MULTIPLE_USER_BID -->
