<?xml version="1.0" encoding="UTF-8"?>
<!-- Generated by org.testng.reporters.JUnitReportReporter -->
<testsuite hostname="DESKTOP-1MMARS9" failures="0" tests="1" name="Vendor_Auction" time="27.608" errors="0" timestamp="2025-04-10T14:11:50 IST" skipped="0">
  <testcase classname="Vendor_Auction" name="OpenBrowser" time="27.608"/>
  <system-out/>
</testsuite> <!-- Vendor_Auction -->
