<?xml version="1.0" encoding="UTF-8"?>
<!-- Generated by org.testng.reporters.JUnitReportReporter -->
<testsuite hostname="DESKTOP-1MMARS9" failures="0" tests="1" name="Vendor_Auction" time="26.242" errors="0" timestamp="2025-03-31T16:34:14 IST" skipped="0">
  <testcase classname="Vendor_Auction" name="OpenBrowser" time="26.242"/>
  <system-out/>
</testsuite> <!-- Vendor_Auction -->
