<?xml version="1.0" encoding="UTF-8"?>
<!-- Generated by org.testng.reporters.JUnitReportReporter -->
<testsuite hostname="DESKTOP-1MMARS9" failures="0" tests="1" name="PF" time="12.314" errors="0" timestamp="2025-03-04T14:50:08 IST" skipped="0">
  <testcase classname="PF" name="OpenBrowser" time="12.314"/>
  <system-out/>
</testsuite> <!-- PF -->
