<?xml version="1.0" encoding="UTF-8"?>
<!-- Generated by org.testng.reporters.JUnitReportReporter -->
<testsuite hostname="DESKTOP-1MMARS9" failures="0" tests="1" name="Checkout" time="73.453" errors="0" timestamp="2025-03-31T16:43:43 IST" skipped="0">
  <testcase classname="Checkout" name="OpenBrowser" time="73.453"/>
  <system-out/>
</testsuite> <!-- Checkout -->
