<?xml version="1.0" encoding="UTF-8"?>
<!-- Generated by org.testng.reporters.JUnitReportReporter -->
<testsuite hostname="DESKTOP-1MMARS9" failures="0" tests="6" name="Multiple_bid" time="126.399" errors="0" timestamp="2025-04-14T18:21:01 IST" skipped="0">
  <testcase classname="Multiple_bid" name="OpenBrowser1" time="20.478"/>
  <system-out/>
  <testcase classname="Multiple_bid" name="OpenBrowser2" time="19.291"/>
  <system-out/>
  <testcase classname="Multiple_bid" name="OpenBrowser3" time="26.672"/>
  <system-out/>
  <testcase classname="Multiple_bid" name="OpenBrowser4" time="18.648"/>
  <system-out/>
  <testcase classname="Multiple_bid" name="OpenBrowser5" time="24.349"/>
  <system-out/>
  <testcase classname="Multiple_bid" name="OpenBrowser6" time="16.961"/>
  <system-out/>
</testsuite> <!-- Multiple_bid -->
