<?xml version="1.0" encoding="UTF-8"?>
<!-- Generated by org.testng.reporters.JUnitReportReporter -->
<testsuite hostname="DESKTOP-1MMARS9" failures="0" tests="1" name="J2_CHECKOUT_FLOW" time="63.695" errors="0" timestamp="2025-03-28T16:18:54 IST" skipped="0">
  <testcase classname="J2_CHECKOUT_FLOW" name="OpenBrowser" time="63.695"/>
  <system-out/>
</testsuite> <!-- J2_CHECKOUT_FLOW -->
