<?xml version="1.0" encoding="UTF-8"?>
<!-- Generated by org.testng.reporters.JUnitReportReporter -->
<testsuite hostname="DESKTOP-1MMARS9" failures="0" tests="1" name="J1_MULTIPLE_USER_BID" time="96.030" errors="0" timestamp="2025-03-31T15:45:22 IST" skipped="0">
  <testcase classname="J1_MULTIPLE_USER_BID" name="OpenBrowser" time="96.030"/>
  <system-out/>
</testsuite> <!-- J1_MULTIPLE_USER_BID -->
