<?xml version="1.0" encoding="UTF-8"?>
<!-- Generated by org.testng.reporters.JUnitReportReporter -->
<testsuite hostname="DESKTOP-1MMARS9" failures="0" tests="1" name="J2_MULTIPLE_USER_BID" time="89.524" errors="0" timestamp="2025-03-11T10:28:32 IST" skipped="0">
  <testcase classname="J2_MULTIPLE_USER_BID" name="OpenBrowser" time="89.524"/>
  <system-out/>
</testsuite> <!-- J2_MULTIPLE_USER_BID -->
