<?xml version="1.0" encoding="UTF-8"?>
<!-- Generated by org.testng.reporters.JUnitReportReporter -->
<testsuite hostname="DESKTOP-1MMARS9" failures="0" tests="1" name="Vendor_Manifest" time="45.314" errors="0" timestamp="2025-03-24T12:15:33 IST" skipped="0">
  <testcase classname="Vendor_Manifest" name="OpenBrowser" time="45.314"/>
  <system-out/>
</testsuite> <!-- Vendor_Manifest -->
