<?xml version="1.0" encoding="UTF-8"?>
<!-- Generated by org.testng.reporters.JUnitReportReporter -->
<testsuite hostname="DESKTOP-1MMARS9" failures="0" tests="1" name="Vendor_Auction" time="21.772" errors="0" timestamp="2025-03-28T16:08:28 IST" skipped="0">
  <testcase classname="Vendor_Auction" name="OpenBrowser" time="21.772"/>
  <system-out/>
</testsuite> <!-- Vendor_Auction -->
