<?xml version="1.0" encoding="UTF-8"?>
<!-- Generated by org.testng.reporters.JUnitReportReporter -->
<testsuite hostname="DESKTOP-1MMARS9" failures="0" tests="1" name="Vendor" time="68.065" errors="0" timestamp="2025-03-06T17:16:06 IST" skipped="0">
  <testcase classname="Vendor" name="OpenBrowser" time="68.065"/>
  <system-out/>
</testsuite> <!-- Vendor -->
