<?xml version="1.0" encoding="UTF-8"?>
<!-- Generated by org.testng.reporters.JUnitReportReporter -->
<testsuite hostname="DESKTOP-1MMARS9" failures="0" tests="1" name="APPIUMAPK" time="33.827" errors="0" timestamp="2024-04-18T19:24:01 IST" skipped="0">
  <testcase classname="APPIUMAPK" name="Valid_login" time="33.827"/>
  <system-out/>
</testsuite> <!-- APPIUMAPK -->
