<?xml version="1.0" encoding="UTF-8"?>
<!-- Generated by org.testng.reporters.JUnitReportReporter -->
<testsuite hostname="DESKTOP-1MMARS9" failures="0" tests="1" name="J2_MULTIPLE_USER_BID" time="63.982" errors="1" timestamp="2025-03-20T14:53:55 IST" skipped="0">
  <testcase classname="J2_MULTIPLE_USER_BID" name="OpenBrowser" time="63.982">
    <error message="Error {
  message=&#039;Timeout 30000ms exceeded.
  name=&#039;TimeoutError
  stack=&#039;TimeoutError: Timeout 30000ms exceeded.
    at ProgressController.run (C:\Users\Clss-35\AppData\Local\Temp\playwright-java-5514108436504289117\package\lib\server\progress.js:78:26)
    at Frame._callOnElementOnceMatches (C:\Users\Clss-35\AppData\Local\Temp\playwright-java-5514108436504289117\package\lib\server\frames.js:1434:23)
    at Frame.innerText (C:\Users\Clss-35\AppData\Local\Temp\playwright-java-5514108436504289117\package\lib\server\frames.js:1077:17)
    at FrameDispatcher.innerText (C:\Users\Clss-35\AppData\Local\Temp\playwright-java-5514108436504289117\package\lib\server\dispatchers\frameDispatcher.js:185:32)
    at FrameDispatcher._handleCommand (C:\Users\Clss-35\AppData\Local\Temp\playwright-java-5514108436504289117\package\lib\server\dispatchers\dispatcher.js:94:40)
    at DispatcherConnection.dispatch (C:\Users\Clss-35\AppData\Local\Temp\playwright-java-5514108436504289117\package\lib\server\dispatchers\dispatcher.js:361:39)
}
Call log:
- waiting for locator(&quot;//*[@class=&#039;date d-block ms-0 mb-0 winningText&#039;]&quot;)
" type="com.microsoft.playwright.TimeoutError">
      <![CDATA[com.microsoft.playwright.TimeoutError: Error {
  message='Timeout 30000ms exceeded.
  name='TimeoutError
  stack='TimeoutError: Timeout 30000ms exceeded.
    at ProgressController.run (C:\Users\Clss-35\AppData\Local\Temp\playwright-java-5514108436504289117\package\lib\server\progress.js:78:26)
    at Frame._callOnElementOnceMatches (C:\Users\Clss-35\AppData\Local\Temp\playwright-java-5514108436504289117\package\lib\server\frames.js:1434:23)
    at Frame.innerText (C:\Users\Clss-35\AppData\Local\Temp\playwright-java-5514108436504289117\package\lib\server\frames.js:1077:17)
    at FrameDispatcher.innerText (C:\Users\Clss-35\AppData\Local\Temp\playwright-java-5514108436504289117\package\lib\server\dispatchers\frameDispatcher.js:185:32)
    at FrameDispatcher._handleCommand (C:\Users\Clss-35\AppData\Local\Temp\playwright-java-5514108436504289117\package\lib\server\dispatchers\dispatcher.js:94:40)
    at DispatcherConnection.dispatch (C:\Users\Clss-35\AppData\Local\Temp\playwright-java-5514108436504289117\package\lib\server\dispatchers\dispatcher.js:361:39)
}
Call log:
- waiting for locator("//*[@class='date d-block ms-0 mb-0 winningText']")

at com.microsoft.playwright.impl.WaitableResult.get(WaitableResult.java:52)
at com.microsoft.playwright.impl.ChannelOwner.runUntil(ChannelOwner.java:120)
at com.microsoft.playwright.impl.Connection.sendMessage(Connection.java:130)
at com.microsoft.playwright.impl.ChannelOwner.sendMessage(ChannelOwner.java:106)
at com.microsoft.playwright.impl.FrameImpl.innerTextImpl(FrameImpl.java:526)
at com.microsoft.playwright.impl.FrameImpl.lambda$innerText$22(FrameImpl.java:517)
at com.microsoft.playwright.impl.LoggingSupport.withLogging(LoggingSupport.java:47)
at com.microsoft.playwright.impl.ChannelOwner.withLogging(ChannelOwner.java:89)
at com.microsoft.playwright.impl.FrameImpl.innerText(FrameImpl.java:517)
at com.microsoft.playwright.impl.LocatorImpl.innerText(LocatorImpl.java:360)
at com.microsoft.playwright.Locator.innerText(Locator.java:3758)
at J2_MULTIPLE_USER_BID.OpenBrowser(J2_MULTIPLE_USER_BID.java:59)
at java.base/jdk.internal.reflect.DirectMethodHandleAccessor.invoke(DirectMethodHandleAccessor.java:103)
at java.base/java.lang.reflect.Method.invoke(Method.java:580)
at org.testng.internal.MethodInvocationHelper.invokeMethod(MethodInvocationHelper.java:133)
at org.testng.internal.TestInvoker.invokeMethod(TestInvoker.java:598)
at org.testng.internal.TestInvoker.invokeTestMethod(TestInvoker.java:173)
at org.testng.internal.MethodRunner.runInSequence(MethodRunner.java:46)
at org.testng.internal.TestInvoker$MethodInvocationAgent.invoke(TestInvoker.java:824)
at org.testng.internal.TestInvoker.invokeTestMethods(TestInvoker.java:146)
at org.testng.internal.TestMethodWorker.invokeTestMethods(TestMethodWorker.java:146)
at org.testng.internal.TestMethodWorker.run(TestMethodWorker.java:128)
at java.base/java.util.ArrayList.forEach(ArrayList.java:1597)
at org.testng.TestRunner.privateRun(TestRunner.java:794)
at org.testng.TestRunner.run(TestRunner.java:596)
at org.testng.SuiteRunner.runTest(SuiteRunner.java:377)
at org.testng.SuiteRunner.runSequentially(SuiteRunner.java:371)
at org.testng.SuiteRunner.privateRun(SuiteRunner.java:332)
at org.testng.SuiteRunner.run(SuiteRunner.java:276)
at org.testng.SuiteRunnerWorker.runSuite(SuiteRunnerWorker.java:53)
at org.testng.SuiteRunnerWorker.run(SuiteRunnerWorker.java:96)
at org.testng.TestNG.runSuitesSequentially(TestNG.java:1212)
at org.testng.TestNG.runSuitesLocally(TestNG.java:1134)
at org.testng.TestNG.runSuites(TestNG.java:1063)
at org.testng.TestNG.run(TestNG.java:1031)
at org.testng.remote.AbstractRemoteTestNG.run(AbstractRemoteTestNG.java:115)
at org.testng.remote.RemoteTestNG.initAndRun(RemoteTestNG.java:251)
at org.testng.remote.RemoteTestNG.main(RemoteTestNG.java:77)
Caused by: com.microsoft.playwright.TimeoutError: Error {
  message='Timeout 30000ms exceeded.
  name='TimeoutError
  stack='TimeoutError: Timeout 30000ms exceeded.
    at ProgressController.run (C:\Users\Clss-35\AppData\Local\Temp\playwright-java-5514108436504289117\package\lib\server\progress.js:78:26)
    at Frame._callOnElementOnceMatches (C:\Users\Clss-35\AppData\Local\Temp\playwright-java-5514108436504289117\package\lib\server\frames.js:1434:23)
    at Frame.innerText (C:\Users\Clss-35\AppData\Local\Temp\playwright-java-5514108436504289117\package\lib\server\frames.js:1077:17)
    at FrameDispatcher.innerText (C:\Users\Clss-35\AppData\Local\Temp\playwright-java-5514108436504289117\package\lib\server\dispatchers\frameDispatcher.js:185:32)
    at FrameDispatcher._handleCommand (C:\Users\Clss-35\AppData\Local\Temp\playwright-java-5514108436504289117\package\lib\server\dispatchers\dispatcher.js:94:40)
    at DispatcherConnection.dispatch (C:\Users\Clss-35\AppData\Local\Temp\playwright-java-5514108436504289117\package\lib\server\dispatchers\dispatcher.js:361:39)
}
Call log:
- waiting for locator("//*[@class='date d-block ms-0 mb-0 winningText']")

at com.microsoft.playwright.impl.Connection.dispatch(Connection.java:254)
at com.microsoft.playwright.impl.Connection.processOneMessage(Connection.java:211)
at com.microsoft.playwright.impl.ChannelOwner.runUntil(ChannelOwner.java:118)
... 36 more
]]>
    </error>
  </testcase> <!-- OpenBrowser -->
  <system-out/>
</testsuite> <!-- J2_MULTIPLE_USER_BID -->
