<?xml version="1.0" encoding="UTF-8"?>
<!-- Generated by org.testng.reporters.JUnitReportReporter -->
<testsuite hostname="DESKTOP-1MMARS9" failures="0" tests="1" name="docker" time="3.181" errors="0" timestamp="2024-04-12T17:40:37 IST" skipped="0">
  <testcase classname="docker" name="hpd" time="3.181"/>
  <system-out/>
</testsuite> <!-- docker -->
