<?xml version="1.0" encoding="UTF-8"?>
<!-- Generated by org.testng.reporters.JUnitReportReporter -->
<testsuite hostname="DESKTOP-1MMARS9" failures="0" tests="1" name="PF" time="10.974" errors="0" timestamp="2024-09-09T15:45:21 IST" skipped="0">
  <testcase classname="PF" name="OpenBrowser" time="10.974"/>
  <system-out/>
</testsuite> <!-- PF -->
