<?xml version="1.0" encoding="UTF-8"?>
<!-- Generated by org.testng.reporters.JUnitReportReporter -->
<testsuite hostname="DESKTOP-1MMARS9" failures="0" tests="6" name="Multiple_bid" time="164.915" errors="0" timestamp="2025-04-17T10:57:03 IST" skipped="0">
  <testcase classname="Multiple_bid" name="OpenBrowser1" time="21.964"/>
  <system-out/>
  <testcase classname="Multiple_bid" name="OpenBrowser2" time="20.055"/>
  <system-out/>
  <testcase classname="Multiple_bid" name="OpenBrowser3" time="29.113"/>
  <system-out/>
  <testcase classname="Multiple_bid" name="OpenBrowser4" time="20.386"/>
  <system-out/>
  <testcase classname="Multiple_bid" name="OpenBrowser5" time="54.060"/>
  <system-out/>
  <testcase classname="Multiple_bid" name="OpenBrowser6" time="19.337"/>
  <system-out/>
</testsuite> <!-- Multiple_bid -->
