<?xml version="1.0" encoding="UTF-8"?>
<!-- Generated by org.testng.reporters.JUnitReportReporter -->
<testsuite hostname="DESKTOP-1MMARS9" failures="0" tests="1" name="MyTestCase" time="9.485" errors="0" timestamp="2025-04-14T15:22:24 IST" skipped="0">
  <testcase classname="MyTestCase" name="openGoogle" time="9.485"/>
  <system-out/>
</testsuite> <!-- MyTestCase -->
