<?xml version="1.0" encoding="UTF-8"?>
<!-- Generated by org.testng.reporters.JUnitReportReporter -->
<testsuite hostname="DESKTOP-1MMARS9" failures="0" tests="1" name="Checkout" time="64.526" errors="0" timestamp="2025-04-14T14:48:16 IST" skipped="0">
  <testcase classname="Checkout" name="OpenBrowser" time="64.526"/>
  <system-out/>
</testsuite> <!-- Checkout -->
