<?xml version="1.0" encoding="UTF-8"?>
<!-- Generated by org.testng.reporters.JUnitReportReporter -->
<testsuite hostname="DESKTOP-1MMARS9" failures="0" tests="1" name="Vendor_Auction" time="45.573" errors="0" timestamp="2025-03-25T11:41:09 IST" skipped="0">
  <testcase classname="Vendor_Auction" name="OpenBrowser" time="45.573"/>
  <system-out/>
</testsuite> <!-- Vendor_Auction -->
