<?xml version="1.0" encoding="UTF-8"?>
<!-- Generated by org.testng.reporters.JUnitReportReporter -->
<testsuite hostname="DESKTOP-1MMARS9" failures="0" tests="1" name="Vendor_Auction" time="44.913" errors="0" timestamp="2025-03-25T15:24:57 IST" skipped="0">
  <testcase classname="Vendor_Auction" name="OpenBrowser" time="44.913"/>
  <system-out/>
</testsuite> <!-- Vendor_Auction -->
