<?xml version="1.0" encoding="UTF-8"?>
<!-- Generated by org.testng.reporters.JUnitReportReporter -->
<testsuite hostname="DESKTOP-1MMARS9" failures="0" tests="1" name="J_Login_Bid" time="31.661" errors="0" timestamp="2025-03-04T18:32:32 IST" skipped="0">
  <testcase classname="J_Login_Bid" name="OpenBrowser" time="31.661"/>
  <system-out/>
</testsuite> <!-- J_Login_Bid -->
