<?xml version="1.0" encoding="UTF-8"?>
<!-- Generated by org.testng.reporters.JUnitReportReporter -->
<testsuite hostname="DESKTOP-1MMARS9" failures="0" tests="1" name="Jobalots" time="32.839" errors="0" timestamp="2025-03-04T17:54:38 IST" skipped="0">
  <testcase classname="Jobalots" name="OpenBrowser" time="32.839"/>
  <system-out/>
</testsuite> <!-- Jobalots -->
