<?xml version="1.0" encoding="UTF-8"?>
<!-- Generated by org.testng.reporters.JUnitReportReporter -->
<testsuite hostname="DESKTOP-1MMARS9" failures="0" tests="1" name="J1_LOGIN_AND_BID" time="31.593" errors="0" timestamp="2025-03-04T19:03:28 IST" skipped="0">
  <testcase classname="J1_LOGIN_AND_BID" name="OpenBrowser" time="31.593"/>
  <system-out/>
</testsuite> <!-- J1_LOGIN_AND_BID -->
