<?xml version="1.0" encoding="UTF-8"?>
<!-- Generated by org.testng.reporters.JUnitReportReporter -->
<testsuite hostname="DESKTOP-1MMARS9" failures="0" tests="6" name="Multiple_bid" time="153.808" errors="0" timestamp="2025-04-15T12:52:35 IST" skipped="0">
  <testcase classname="Multiple_bid" name="OpenBrowser1" time="17.149"/>
  <system-out/>
  <testcase classname="Multiple_bid" name="OpenBrowser2" time="19.342"/>
  <system-out/>
  <testcase classname="Multiple_bid" name="OpenBrowser3" time="26.446"/>
  <system-out/>
  <testcase classname="Multiple_bid" name="OpenBrowser4" time="19.325"/>
  <system-out/>
  <testcase classname="Multiple_bid" name="OpenBrowser5" time="52.852"/>
  <system-out/>
  <testcase classname="Multiple_bid" name="OpenBrowser6" time="18.694"/>
  <system-out/>
</testsuite> <!-- Multiple_bid -->
