<?xml version="1.0" encoding="UTF-8"?>
<!-- Generated by org.testng.reporters.JUnitReportReporter -->
<testsuite hostname="DESKTOP-1MMARS9" failures="0" tests="2" name="Vendor_Manifest" time="43.206" errors="0" timestamp="2025-04-10T15:18:43 IST" skipped="0">
  <testcase classname="Vendor_Manifest" name="OpenBrowser" time="22.603"/>
  <system-out/>
  <testcase classname="Vendor_Manifest" name="OpenBrowser1" time="20.603"/>
  <system-out/>
</testsuite> <!-- Vendor_Manifest -->
