<?xml version="1.0" encoding="UTF-8"?>
<!-- Generated by org.testng.reporters.JUnitReportReporter -->
<testsuite hostname="DESKTOP-1MMARS9" failures="0" tests="1" name="J2_CHECKOUT_FLOW" time="89.775" errors="1" timestamp="2025-03-31T14:51:39 IST" skipped="0">
  <testcase classname="J2_CHECKOUT_FLOW" name="OpenBrowser" time="89.775">
    <error message="Error {
  message=&#039;Timeout 30000ms exceeded.
  name=&#039;TimeoutError
  stack=&#039;TimeoutError: Timeout 30000ms exceeded.
    at ProgressController.run (C:\Users\Clss-35\AppData\Local\Temp\playwright-java-7739457311250402025\package\lib\server\progress.js:78:26)
    at Frame.click (C:\Users\Clss-35\AppData\Local\Temp\playwright-java-7739457311250402025\package\lib\server\frames.js:1007:23)
    at FrameDispatcher.click (C:\Users\Clss-35\AppData\Local\Temp\playwright-java-7739457311250402025\package\lib\server\dispatchers\frameDispatcher.js:157:30)
    at FrameDispatcher._handleCommand (C:\Users\Clss-35\AppData\Local\Temp\playwright-java-7739457311250402025\package\lib\server\dispatchers\dispatcher.js:94:40)
    at DispatcherConnection.dispatch (C:\Users\Clss-35\AppData\Local\Temp\playwright-java-7739457311250402025\package\lib\server\dispatchers\dispatcher.js:361:39)
}
Call log:
- waiting for locator(&quot;li&quot;).filter(new Locator.FilterOptions().setHasText(&quot;Welcome geetaben patelMy&quot;)).locator(&quot;path&quot;)
-   locator resolved to &lt;path d=&quot;M13 11.632A5.816 5.816 0 1 0 13 0a5.816 5.816 0 0 0 0 11.632ZM13 13C7.332 13 2.737 17.595 2.737 23.263A2.737 2.737 0 0 0 5.474 26h15.052a2.737 2.737 0 0 0 2.737-2.737C23.263 17.595 18.668 13 13 13Z&quot;&gt;&lt;/path&gt;
- attempting click action
-   waiting for element to be visible, enabled and stable
-   element is visible, enabled and stable
-   scrolling into view if needed
-   done scrolling
-   &lt;svg width=&quot;26&quot; height=&quot;26&quot; xmlns=&quot;http://www.w3.org/2000/svg&quot;&gt;…&lt;/svg&gt; intercepts pointer events
- retrying click action, attempt #1
-   waiting for element to be visible, enabled and stable
-   element is visible, enabled and stable
-   scrolling into view if needed
-   done scrolling
-   &lt;svg width=&quot;26&quot; height=&quot;26&quot; xmlns=&quot;http://www.w3.org/2000/svg&quot;&gt;…&lt;/svg&gt; intercepts pointer events
- retrying click action, attempt #2
-   waiting 20ms
-   waiting for element to be visible, enabled and stable
-   element is visible, enabled and stable
-   scrolling into view if needed
-   done scrolling
-   &lt;svg width=&quot;26&quot; height=&quot;26&quot; xmlns=&quot;http://www.w3.org/2000/svg&quot;&gt;…&lt;/svg&gt; intercepts pointer events
- retrying click action, attempt #3
-   waiting 100ms
-   waiting for element to be visible, enabled and stable
-   element is visible, enabled and stable
-   scrolling into view if needed
-   done scrolling
-   &lt;svg width=&quot;26&quot; height=&quot;26&quot; xmlns=&quot;http://www.w3.org/2000/svg&quot;&gt;…&lt;/svg&gt; intercepts pointer events
- retrying click action, attempt #4
-   waiting 100ms
-   waiting for element to be visible, enabled and stable
-   element is visible, enabled and stable
-   scrolling into view if needed
-   done scrolling
-   &lt;svg width=&quot;26&quot; height=&quot;26&quot; xmlns=&quot;http://www.w3.org/2000/svg&quot;&gt;…&lt;/svg&gt; intercepts pointer events
- retrying click action, attempt #5
-   waiting 500ms
-   waiting for element to be visible, enabled and stable
-   element is visible, enabled and stable
-   scrolling into view if needed
-   done scrolling
-   &lt;svg width=&quot;26&quot; height=&quot;26&quot; xmlns=&quot;http://www.w3.org/2000/svg&quot;&gt;…&lt;/svg&gt; intercepts pointer events
- retrying click action, attempt #6
-   waiting 500ms
-   waiting for element to be visible, enabled and stable
-   element is visible, enabled and stable
-   scrolling into view if needed
-   done scrolling
-   &lt;svg width=&quot;26&quot; height=&quot;26&quot; xmlns=&quot;http://www.w3.org/2000/svg&quot;&gt;…&lt;/svg&gt; intercepts pointer events
- retrying click action, attempt #7
-   waiting 500ms
-   waiting for element to be visible, enabled and stable
-   element is visible, enabled and stable
-   scrolling into view if needed
-   done scrolling
-   &lt;svg width=&quot;26&quot; height=&quot;26&quot; xmlns=&quot;http://www.w3.org/2000/svg&quot;&gt;…&lt;/svg&gt; intercepts pointer events
- retrying click action, attempt #8
-   waiting 500ms
-   waiting for element to be visible, enabled and stable
-   element is visible, enabled and stable
-   scrolling into view if needed
-   done scrolling
-   &lt;svg width=&quot;26&quot; height=&quot;26&quot; xmlns=&quot;http://www.w3.org/2000/svg&quot;&gt;…&lt;/svg&gt; intercepts pointer events
- retrying click action, attempt #9
-   waiting 500ms
-   waiting for element to be visible, enabled and stable
-   element is visible, enabled and stable
-   scrolling into view if needed
-   done scrolling
-   &lt;svg width=&quot;26&quot; height=&quot;26&quot; xmlns=&quot;http://www.w3.org/2000/svg&quot;&gt;…&lt;/svg&gt; intercepts pointer events
- retrying click action, attempt #10
-   waiting 500ms
-   waiting for element to be visible, enabled and stable
-   element is visible, enabled and stable
-   scrolling into view if needed
-   done scrolling
-   &lt;svg width=&quot;26&quot; height=&quot;26&quot; xmlns=&quot;http://www.w3.org/2000/svg&quot;&gt;…&lt;/svg&gt; intercepts pointer events
- retrying click action, attempt #11
-   waiting 500ms
-   waiting for element to be visible, enabled and stable
-   element is visible, enabled and stable
-   scrolling into view if needed
-   done scrolling
-   &lt;svg width=&quot;26&quot; height=&quot;26&quot; xmlns=&quot;http://www.w3.org/2000/svg&quot;&gt;…&lt;/svg&gt; intercepts pointer events
- retrying click action, attempt #12
-   waiting 500ms
-   waiting for element to be visible, enabled and stable
-   element is visible, enabled and stable
-   scrolling into view if needed
-   done scrolling
-   &lt;svg width=&quot;26&quot; height=&quot;26&quot; xmlns=&quot;http://www.w3.org/2000/svg&quot;&gt;…&lt;/svg&gt; intercepts pointer events
- retrying click action, attempt #13
-   waiting 500ms
-   waiting for element to be visible, enabled and stable
-   element is visible, enabled and stable
-   scrolling into view if needed
-   done scrolling
-   &lt;svg width=&quot;26&quot; height=&quot;26&quot; xmlns=&quot;http://www.w3.org/2000/svg&quot;&gt;…&lt;/svg&gt; intercepts pointer events
- retrying click action, attempt #14
-   waiting 500ms
-   waiting for element to be visible, enabled and stable
-   element is visible, enabled and stable
-   scrolling into view if needed
-   done scrolling
-   &lt;svg width=&quot;26&quot; height=&quot;26&quot; xmlns=&quot;http://www.w3.org/2000/svg&quot;&gt;…&lt;/svg&gt; intercepts pointer events
- retrying click action, attempt #15
-   waiting 500ms
-   waiting for element to be visible, enabled and stable
-   element is visible, enabled and stable
-   scrolling into view if needed
-   done scrolling
-   &lt;svg width=&quot;26&quot; height=&quot;26&quot; xmlns=&quot;http://www.w3.org/2000/svg&quot;&gt;…&lt;/svg&gt; intercepts pointer events
- retrying click action, attempt #16
-   waiting 500ms
-   waiting for element to be visible, enabled and stable
-   element is visible, enabled and stable
-   scrolling into view if needed
-   done scrolling
-   &lt;svg width=&quot;26&quot; height=&quot;26&quot; xmlns=&quot;http://www.w3.org/2000/svg&quot;&gt;…&lt;/svg&gt; intercepts pointer events
- retrying click action, attempt #17
-   waiting 500ms
-   waiting for element to be visible, enabled and stable
-   element is visible, enabled and stable
-   scrolling into view if needed
-   done scrolling
-   &lt;svg width=&quot;26&quot; height=&quot;26&quot; xmlns=&quot;http://www.w3.org/2000/svg&quot;&gt;…&lt;/svg&gt; intercepts pointer events
- retrying click action, attempt #18
-   waiting 500ms
-   waiting for element to be visible, enabled and stable
-   element is visible, enabled and stable
-   scrolling into view if needed
-   done scrolling
-   &lt;svg width=&quot;26&quot; height=&quot;26&quot; xmlns=&quot;http://www.w3.org/2000/svg&quot;&gt;…&lt;/svg&gt; intercepts pointer events
- retrying click action, attempt #19
-   waiting 500ms
-   waiting for element to be visible, enabled and stable
-   element is visible, enabled and stable
-   scrolling into view if needed
-   done scrolling
-   &lt;svg width=&quot;26&quot; height=&quot;26&quot; xmlns=&quot;http://www.w3.org/2000/svg&quot;&gt;…&lt;/svg&gt; intercepts pointer events
- retrying click action, attempt #20
-   waiting 500ms
-   waiting for element to be visible, enabled and stable
-   element is visible, enabled and stable
-   scrolling into view if needed
-   done scrolling
-   &lt;svg width=&quot;26&quot; height=&quot;26&quot; xmlns=&quot;http://www.w3.org/2000/svg&quot;&gt;…&lt;/svg&gt; intercepts pointer events
- retrying click action, attempt #21
-   waiting 500ms
-   waiting for element to be visible, enabled and stable
-   element is visible, enabled and stable
-   scrolling into view if needed
-   done scrolling
-   &lt;svg width=&quot;26&quot; height=&quot;26&quot; xmlns=&quot;http://www.w3.org/2000/svg&quot;&gt;…&lt;/svg&gt; intercepts pointer events
- retrying click action, attempt #22
-   waiting 500ms
-   waiting for element to be visible, enabled and stable
-   element is visible, enabled and stable
-   scrolling into view if needed
-   done scrolling
-   &lt;svg width=&quot;26&quot; height=&quot;26&quot; xmlns=&quot;http://www.w3.org/2000/svg&quot;&gt;…&lt;/svg&gt; intercepts pointer events
- retrying click action, attempt #23
-   waiting 500ms
-   waiting for element to be visible, enabled and stable
-   element is visible, enabled and stable
-   scrolling into view if needed
-   done scrolling
-   &lt;svg width=&quot;26&quot; height=&quot;26&quot; xmlns=&quot;http://www.w3.org/2000/svg&quot;&gt;…&lt;/svg&gt; intercepts pointer events
- retrying click action, attempt #24
-   waiting 500ms
-   waiting for element to be visible, enabled and stable
-   element is visible, enabled and stable
-   scrolling into view if needed
-   done scrolling
-   &lt;svg width=&quot;26&quot; height=&quot;26&quot; xmlns=&quot;http://www.w3.org/2000/svg&quot;&gt;…&lt;/svg&gt; intercepts pointer events
- retrying click action, attempt #25
-   waiting 500ms
-   waiting for element to be visible, enabled and stable
-   element is visible, enabled and stable
-   scrolling into view if needed
-   done scrolling
-   &lt;svg width=&quot;26&quot; height=&quot;26&quot; xmlns=&quot;http://www.w3.org/2000/svg&quot;&gt;…&lt;/svg&gt; intercepts pointer events
- retrying click action, attempt #26
-   waiting 500ms
-   waiting for element to be visible, enabled and stable
-   element is visible, enabled and stable
-   scrolling into view if needed
-   done scrolling
-   &lt;svg width=&quot;26&quot; height=&quot;26&quot; xmlns=&quot;http://www.w3.org/2000/svg&quot;&gt;…&lt;/svg&gt; intercepts pointer events
- retrying click action, attempt #27
-   waiting 500ms
-   waiting for element to be visible, enabled and stable
-   element is visible, enabled and stable
-   scrolling into view if needed
-   done scrolling
-   &lt;svg width=&quot;26&quot; height=&quot;26&quot; xmlns=&quot;http://www.w3.org/2000/svg&quot;&gt;…&lt;/svg&gt; intercepts pointer events
- retrying click action, attempt #28
-   waiting 500ms
-   waiting for element to be visible, enabled and stable
-   element is visible, enabled and stable
-   scrolling into view if needed
-   done scrolling
-   &lt;svg width=&quot;26&quot; height=&quot;26&quot; xmlns=&quot;http://www.w3.org/2000/svg&quot;&gt;…&lt;/svg&gt; intercepts pointer events
- retrying click action, attempt #29
-   waiting 500ms
-   waiting for element to be visible, enabled and stable
-   element is visible, enabled and stable
-   scrolling into view if needed
-   done scrolling
-   &lt;svg width=&quot;26&quot; height=&quot;26&quot; xmlns=&quot;http://www.w3.org/2000/svg&quot;&gt;…&lt;/svg&gt; intercepts pointer events
- retrying click action, attempt #30
-   waiting 500ms
-   waiting for element to be visible, enabled and stable
-   element is visible, enabled and stable
-   scrolling into view if needed
-   done scrolling
-   &lt;svg width=&quot;26&quot; height=&quot;26&quot; xmlns=&quot;http://www.w3.org/2000/svg&quot;&gt;…&lt;/svg&gt; intercepts pointer events
- retrying click action, attempt #31
-   waiting 500ms
-   waiting for element to be visible, enabled and stable
-   element is visible, enabled and stable
-   scrolling into view if needed
-   done scrolling
-   &lt;svg width=&quot;26&quot; height=&quot;26&quot; xmlns=&quot;http://www.w3.org/2000/svg&quot;&gt;…&lt;/svg&gt; intercepts pointer events
- retrying click action, attempt #32
-   waiting 500ms
-   waiting for element to be visible, enabled and stable
-   element is visible, enabled and stable
-   scrolling into view if needed
-   done scrolling
-   &lt;svg width=&quot;26&quot; height=&quot;26&quot; xmlns=&quot;http://www.w3.org/2000/svg&quot;&gt;…&lt;/svg&gt; intercepts pointer events
- retrying click action, attempt #33
-   waiting 500ms
-   waiting for element to be visible, enabled and stable
-   element is visible, enabled and stable
-   scrolling into view if needed
-   done scrolling
-   &lt;svg width=&quot;26&quot; height=&quot;26&quot; xmlns=&quot;http://www.w3.org/2000/svg&quot;&gt;…&lt;/svg&gt; intercepts pointer events
- retrying click action, attempt #34
-   waiting 500ms
-   waiting for element to be visible, enabled and stable
-   element is visible, enabled and stable
-   scrolling into view if needed
-   done scrolling
-   &lt;svg width=&quot;26&quot; height=&quot;26&quot; xmlns=&quot;http://www.w3.org/2000/svg&quot;&gt;…&lt;/svg&gt; intercepts pointer events
- retrying click action, attempt #35
-   waiting 500ms
-   waiting for element to be visible, enabled and stable
-   element is visible, enabled and stable
-   scrolling into view if needed
-   done scrolling
-   &lt;svg width=&quot;26&quot; height=&quot;26&quot; xmlns=&quot;http://www.w3.org/2000/svg&quot;&gt;…&lt;/svg&gt; intercepts pointer events
- retrying click action, attempt #36
-   waiting 500ms
-   waiting for element to be visible, enabled and stable
-   element is visible, enabled and stable
-   scrolling into view if needed
-   done scrolling
-   &lt;svg width=&quot;26&quot; height=&quot;26&quot; xmlns=&quot;http://www.w3.org/2000/svg&quot;&gt;…&lt;/svg&gt; intercepts pointer events
- retrying click action, attempt #37
-   waiting 500ms
-   waiting for element to be visible, enabled and stable
-   element is visible, enabled and stable
-   scrolling into view if needed
-   done scrolling
-   &lt;svg width=&quot;26&quot; height=&quot;26&quot; xmlns=&quot;http://www.w3.org/2000/svg&quot;&gt;…&lt;/svg&gt; intercepts pointer events
- retrying click action, attempt #38
-   waiting 500ms
-   waiting for element to be visible, enabled and stable
-   element is visible, enabled and stable
-   scrolling into view if needed
-   done scrolling
-   &lt;svg width=&quot;26&quot; height=&quot;26&quot; xmlns=&quot;http://www.w3.org/2000/svg&quot;&gt;…&lt;/svg&gt; intercepts pointer events
- retrying click action, attempt #39
-   waiting 500ms
-   waiting for element to be visible, enabled and stable
-   element is visible, enabled and stable
-   scrolling into view if needed
-   done scrolling
-   &lt;svg width=&quot;26&quot; height=&quot;26&quot; xmlns=&quot;http://www.w3.org/2000/svg&quot;&gt;…&lt;/svg&gt; intercepts pointer events
- retrying click action, attempt #40
-   waiting 500ms
-   waiting for element to be visible, enabled and stable
-   element is visible, enabled and stable
-   scrolling into view if needed
-   done scrolling
-   &lt;svg width=&quot;26&quot; height=&quot;26&quot; xmlns=&quot;http://www.w3.org/2000/svg&quot;&gt;…&lt;/svg&gt; intercepts pointer events
- retrying click action, attempt #41
-   waiting 500ms
-   waiting for element to be visible, enabled and stable
-   element is visible, enabled and stable
-   scrolling into view if needed
-   done scrolling
-   &lt;svg width=&quot;26&quot; height=&quot;26&quot; xmlns=&quot;http://www.w3.org/2000/svg&quot;&gt;…&lt;/svg&gt; intercepts pointer events
- retrying click action, attempt #42
-   waiting 500ms
-   waiting for element to be visible, enabled and stable
-   element is visible, enabled and stable
-   scrolling into view if needed
-   done scrolling
-   &lt;svg width=&quot;26&quot; height=&quot;26&quot; xmlns=&quot;http://www.w3.org/2000/svg&quot;&gt;…&lt;/svg&gt; intercepts pointer events
- retrying click action, attempt #43
-   waiting 500ms
-   waiting for element to be visible, enabled and stable
-   element is visible, enabled and stable
-   scrolling into view if needed
-   done scrolling
-   &lt;svg width=&quot;26&quot; height=&quot;26&quot; xmlns=&quot;http://www.w3.org/2000/svg&quot;&gt;…&lt;/svg&gt; intercepts pointer events
- retrying click action, attempt #44
-   waiting 500ms
-   waiting for element to be visible, enabled and stable
-   element is visible, enabled and stable
-   scrolling into view if needed
-   done scrolling
-   &lt;svg width=&quot;26&quot; height=&quot;26&quot; xmlns=&quot;http://www.w3.org/2000/svg&quot;&gt;…&lt;/svg&gt; intercepts pointer events
- retrying click action, attempt #45
-   waiting 500ms
-   waiting for element to be visible, enabled and stable
-   element is visible, enabled and stable
-   scrolling into view if needed
-   done scrolling
-   &lt;svg width=&quot;26&quot; height=&quot;26&quot; xmlns=&quot;http://www.w3.org/2000/svg&quot;&gt;…&lt;/svg&gt; intercepts pointer events
- retrying click action, attempt #46
-   waiting 500ms
-   waiting for element to be visible, enabled and stable
-   element is visible, enabled and stable
-   scrolling into view if needed
-   done scrolling
-   &lt;svg width=&quot;26&quot; height=&quot;26&quot; xmlns=&quot;http://www.w3.org/2000/svg&quot;&gt;…&lt;/svg&gt; intercepts pointer events
- retrying click action, attempt #47
-   waiting 500ms
-   waiting for element to be visible, enabled and stable
-   element is visible, enabled and stable
-   scrolling into view if needed
-   done scrolling
-   &lt;svg width=&quot;26&quot; height=&quot;26&quot; xmlns=&quot;http://www.w3.org/2000/svg&quot;&gt;…&lt;/svg&gt; intercepts pointer events
- retrying click action, attempt #48
-   waiting 500ms
-   waiting for element to be visible, enabled and stable
-   element is visible, enabled and stable
-   scrolling into view if needed
-   done scrolling
-   &lt;svg width=&quot;26&quot; height=&quot;26&quot; xmlns=&quot;http://www.w3.org/2000/svg&quot;&gt;…&lt;/svg&gt; intercepts pointer events
- retrying click action, attempt #49
-   waiting 500ms
-   waiting for element to be visible, enabled and stable
-   element is visible, enabled and stable
-   scrolling into view if needed
-   done scrolling
-   &lt;svg width=&quot;26&quot; height=&quot;26&quot; xmlns=&quot;http://www.w3.org/2000/svg&quot;&gt;…&lt;/svg&gt; intercepts pointer events
- retrying click action, attempt #50
-   waiting 500ms
-   waiting for element to be visible, enabled and stable
-   element is visible, enabled and stable
-   scrolling into view if needed
-   done scrolling
-   &lt;svg width=&quot;26&quot; height=&quot;26&quot; xmlns=&quot;http://www.w3.org/2000/svg&quot;&gt;…&lt;/svg&gt; intercepts pointer events
- retrying click action, attempt #51
-   waiting 500ms
-   waiting for element to be visible, enabled and stable
-   element is visible, enabled and stable
-   scrolling into view if needed
-   done scrolling
-   &lt;svg width=&quot;26&quot; height=&quot;26&quot; xmlns=&quot;http://www.w3.org/2000/svg&quot;&gt;…&lt;/svg&gt; intercepts pointer events
- retrying click action, attempt #52
-   waiting 500ms
-   waiting for element to be visible, enabled and stable
-   element is visible, enabled and stable
-   scrolling into view if needed
-   done scrolling
-   &lt;svg width=&quot;26&quot; height=&quot;26&quot; xmlns=&quot;http://www.w3.org/2000/svg&quot;&gt;…&lt;/svg&gt; intercepts pointer events
- retrying click action, attempt #53
-   waiting 500ms
-   waiting for element to be visible, enabled and stable
-   element is visible, enabled and stable
-   scrolling into view if needed
-   done scrolling
-   &lt;svg width=&quot;26&quot; height=&quot;26&quot; xmlns=&quot;http://www.w3.org/2000/svg&quot;&gt;…&lt;/svg&gt; intercepts pointer events
- retrying click action, attempt #54
-   waiting 500ms
-   waiting for element to be visible, enabled and stable
-   element is visible, enabled and stable
-   scrolling into view if needed
-   done scrolling
-   &lt;svg width=&quot;26&quot; height=&quot;26&quot; xmlns=&quot;http://www.w3.org/2000/svg&quot;&gt;…&lt;/svg&gt; intercepts pointer events
- retrying click action, attempt #55
-   waiting 500ms
-   waiting for element to be visible, enabled and stable
-   element is visible, enabled and stable
-   scrolling into view if needed
-   done scrolling
-   &lt;svg width=&quot;26&quot; height=&quot;26&quot; xmlns=&quot;http://www.w3.org/2000/svg&quot;&gt;…&lt;/svg&gt; intercepts pointer events
- retrying click action, attempt #56
-   waiting 500ms
-   waiting for element to be visible, enabled and stable
-   element is visible, enabled and stable
-   scrolling into view if needed
-   done scrolling
-   &lt;svg width=&quot;26&quot; height=&quot;26&quot; xmlns=&quot;http://www.w3.org/2000/svg&quot;&gt;…&lt;/svg&gt; intercepts pointer events
- retrying click action, attempt #57
-   waiting 500ms
-   waiting for element to be visible, enabled and stable
-   element is visible, enabled and stable
-   scrolling into view if needed
-   done scrolling
-   &lt;svg width=&quot;26&quot; height=&quot;26&quot; xmlns=&quot;http://www.w3.org/2000/svg&quot;&gt;…&lt;/svg&gt; intercepts pointer events
- retrying click action, attempt #58
-   waiting 500ms
-   waiting for element to be visible, enabled and stable
-   element is visible, enabled and stable
-   scrolling into view if needed
-   done scrolling
-   &lt;svg width=&quot;26&quot; height=&quot;26&quot; xmlns=&quot;http://www.w3.org/2000/svg&quot;&gt;…&lt;/svg&gt; intercepts pointer events
- retrying click action, attempt #59
-   waiting 500ms
" type="com.microsoft.playwright.TimeoutError">
      <![CDATA[com.microsoft.playwright.TimeoutError: Error {
  message='Timeout 30000ms exceeded.
  name='TimeoutError
  stack='TimeoutError: Timeout 30000ms exceeded.
    at ProgressController.run (C:\Users\Clss-35\AppData\Local\Temp\playwright-java-7739457311250402025\package\lib\server\progress.js:78:26)
    at Frame.click (C:\Users\Clss-35\AppData\Local\Temp\playwright-java-7739457311250402025\package\lib\server\frames.js:1007:23)
    at FrameDispatcher.click (C:\Users\Clss-35\AppData\Local\Temp\playwright-java-7739457311250402025\package\lib\server\dispatchers\frameDispatcher.js:157:30)
    at FrameDispatcher._handleCommand (C:\Users\Clss-35\AppData\Local\Temp\playwright-java-7739457311250402025\package\lib\server\dispatchers\dispatcher.js:94:40)
    at DispatcherConnection.dispatch (C:\Users\Clss-35\AppData\Local\Temp\playwright-java-7739457311250402025\package\lib\server\dispatchers\dispatcher.js:361:39)
}
Call log:
- waiting for locator("li").filter(new Locator.FilterOptions().setHasText("Welcome geetaben patelMy")).locator("path")
-   locator resolved to <path d="M13 11.632A5.816 5.816 0 1 0 13 0a5.816 5.816 0 0 0 0 11.632ZM13 13C7.332 13 2.737 17.595 2.737 23.263A2.737 2.737 0 0 0 5.474 26h15.052a2.737 2.737 0 0 0 2.737-2.737C23.263 17.595 18.668 13 13 13Z"></path>
- attempting click action
-   waiting for element to be visible, enabled and stable
-   element is visible, enabled and stable
-   scrolling into view if needed
-   done scrolling
-   <svg width="26" height="26" xmlns="http://www.w3.org/2000/svg">…</svg> intercepts pointer events
- retrying click action, attempt #1
-   waiting for element to be visible, enabled and stable
-   element is visible, enabled and stable
-   scrolling into view if needed
-   done scrolling
-   <svg width="26" height="26" xmlns="http://www.w3.org/2000/svg">…</svg> intercepts pointer events
- retrying click action, attempt #2
-   waiting 20ms
-   waiting for element to be visible, enabled and stable
-   element is visible, enabled and stable
-   scrolling into view if needed
-   done scrolling
-   <svg width="26" height="26" xmlns="http://www.w3.org/2000/svg">…</svg> intercepts pointer events
- retrying click action, attempt #3
-   waiting 100ms
-   waiting for element to be visible, enabled and stable
-   element is visible, enabled and stable
-   scrolling into view if needed
-   done scrolling
-   <svg width="26" height="26" xmlns="http://www.w3.org/2000/svg">…</svg> intercepts pointer events
- retrying click action, attempt #4
-   waiting 100ms
-   waiting for element to be visible, enabled and stable
-   element is visible, enabled and stable
-   scrolling into view if needed
-   done scrolling
-   <svg width="26" height="26" xmlns="http://www.w3.org/2000/svg">…</svg> intercepts pointer events
- retrying click action, attempt #5
-   waiting 500ms
-   waiting for element to be visible, enabled and stable
-   element is visible, enabled and stable
-   scrolling into view if needed
-   done scrolling
-   <svg width="26" height="26" xmlns="http://www.w3.org/2000/svg">…</svg> intercepts pointer events
- retrying click action, attempt #6
-   waiting 500ms
-   waiting for element to be visible, enabled and stable
-   element is visible, enabled and stable
-   scrolling into view if needed
-   done scrolling
-   <svg width="26" height="26" xmlns="http://www.w3.org/2000/svg">…</svg> intercepts pointer events
- retrying click action, attempt #7
-   waiting 500ms
-   waiting for element to be visible, enabled and stable
-   element is visible, enabled and stable
-   scrolling into view if needed
-   done scrolling
-   <svg width="26" height="26" xmlns="http://www.w3.org/2000/svg">…</svg> intercepts pointer events
- retrying click action, attempt #8
-   waiting 500ms
-   waiting for element to be visible, enabled and stable
-   element is visible, enabled and stable
-   scrolling into view if needed
-   done scrolling
-   <svg width="26" height="26" xmlns="http://www.w3.org/2000/svg">…</svg> intercepts pointer events
- retrying click action, attempt #9
-   waiting 500ms
-   waiting for element to be visible, enabled and stable
-   element is visible, enabled and stable
-   scrolling into view if needed
-   done scrolling
-   <svg width="26" height="26" xmlns="http://www.w3.org/2000/svg">…</svg> intercepts pointer events
- retrying click action, attempt #10
-   waiting 500ms
-   waiting for element to be visible, enabled and stable
-   element is visible, enabled and stable
-   scrolling into view if needed
-   done scrolling
-   <svg width="26" height="26" xmlns="http://www.w3.org/2000/svg">…</svg> intercepts pointer events
- retrying click action, attempt #11
-   waiting 500ms
-   waiting for element to be visible, enabled and stable
-   element is visible, enabled and stable
-   scrolling into view if needed
-   done scrolling
-   <svg width="26" height="26" xmlns="http://www.w3.org/2000/svg">…</svg> intercepts pointer events
- retrying click action, attempt #12
-   waiting 500ms
-   waiting for element to be visible, enabled and stable
-   element is visible, enabled and stable
-   scrolling into view if needed
-   done scrolling
-   <svg width="26" height="26" xmlns="http://www.w3.org/2000/svg">…</svg> intercepts pointer events
- retrying click action, attempt #13
-   waiting 500ms
-   waiting for element to be visible, enabled and stable
-   element is visible, enabled and stable
-   scrolling into view if needed
-   done scrolling
-   <svg width="26" height="26" xmlns="http://www.w3.org/2000/svg">…</svg> intercepts pointer events
- retrying click action, attempt #14
-   waiting 500ms
-   waiting for element to be visible, enabled and stable
-   element is visible, enabled and stable
-   scrolling into view if needed
-   done scrolling
-   <svg width="26" height="26" xmlns="http://www.w3.org/2000/svg">…</svg> intercepts pointer events
- retrying click action, attempt #15
-   waiting 500ms
-   waiting for element to be visible, enabled and stable
-   element is visible, enabled and stable
-   scrolling into view if needed
-   done scrolling
-   <svg width="26" height="26" xmlns="http://www.w3.org/2000/svg">…</svg> intercepts pointer events
- retrying click action, attempt #16
-   waiting 500ms
-   waiting for element to be visible, enabled and stable
-   element is visible, enabled and stable
-   scrolling into view if needed
-   done scrolling
-   <svg width="26" height="26" xmlns="http://www.w3.org/2000/svg">…</svg> intercepts pointer events
- retrying click action, attempt #17
-   waiting 500ms
-   waiting for element to be visible, enabled and stable
-   element is visible, enabled and stable
-   scrolling into view if needed
-   done scrolling
-   <svg width="26" height="26" xmlns="http://www.w3.org/2000/svg">…</svg> intercepts pointer events
- retrying click action, attempt #18
-   waiting 500ms
-   waiting for element to be visible, enabled and stable
-   element is visible, enabled and stable
-   scrolling into view if needed
-   done scrolling
-   <svg width="26" height="26" xmlns="http://www.w3.org/2000/svg">…</svg> intercepts pointer events
- retrying click action, attempt #19
-   waiting 500ms
-   waiting for element to be visible, enabled and stable
-   element is visible, enabled and stable
-   scrolling into view if needed
-   done scrolling
-   <svg width="26" height="26" xmlns="http://www.w3.org/2000/svg">…</svg> intercepts pointer events
- retrying click action, attempt #20
-   waiting 500ms
-   waiting for element to be visible, enabled and stable
-   element is visible, enabled and stable
-   scrolling into view if needed
-   done scrolling
-   <svg width="26" height="26" xmlns="http://www.w3.org/2000/svg">…</svg> intercepts pointer events
- retrying click action, attempt #21
-   waiting 500ms
-   waiting for element to be visible, enabled and stable
-   element is visible, enabled and stable
-   scrolling into view if needed
-   done scrolling
-   <svg width="26" height="26" xmlns="http://www.w3.org/2000/svg">…</svg> intercepts pointer events
- retrying click action, attempt #22
-   waiting 500ms
-   waiting for element to be visible, enabled and stable
-   element is visible, enabled and stable
-   scrolling into view if needed
-   done scrolling
-   <svg width="26" height="26" xmlns="http://www.w3.org/2000/svg">…</svg> intercepts pointer events
- retrying click action, attempt #23
-   waiting 500ms
-   waiting for element to be visible, enabled and stable
-   element is visible, enabled and stable
-   scrolling into view if needed
-   done scrolling
-   <svg width="26" height="26" xmlns="http://www.w3.org/2000/svg">…</svg> intercepts pointer events
- retrying click action, attempt #24
-   waiting 500ms
-   waiting for element to be visible, enabled and stable
-   element is visible, enabled and stable
-   scrolling into view if needed
-   done scrolling
-   <svg width="26" height="26" xmlns="http://www.w3.org/2000/svg">…</svg> intercepts pointer events
- retrying click action, attempt #25
-   waiting 500ms
-   waiting for element to be visible, enabled and stable
-   element is visible, enabled and stable
-   scrolling into view if needed
-   done scrolling
-   <svg width="26" height="26" xmlns="http://www.w3.org/2000/svg">…</svg> intercepts pointer events
- retrying click action, attempt #26
-   waiting 500ms
-   waiting for element to be visible, enabled and stable
-   element is visible, enabled and stable
-   scrolling into view if needed
-   done scrolling
-   <svg width="26" height="26" xmlns="http://www.w3.org/2000/svg">…</svg> intercepts pointer events
- retrying click action, attempt #27
-   waiting 500ms
-   waiting for element to be visible, enabled and stable
-   element is visible, enabled and stable
-   scrolling into view if needed
-   done scrolling
-   <svg width="26" height="26" xmlns="http://www.w3.org/2000/svg">…</svg> intercepts pointer events
- retrying click action, attempt #28
-   waiting 500ms
-   waiting for element to be visible, enabled and stable
-   element is visible, enabled and stable
-   scrolling into view if needed
-   done scrolling
-   <svg width="26" height="26" xmlns="http://www.w3.org/2000/svg">…</svg> intercepts pointer events
- retrying click action, attempt #29
-   waiting 500ms
-   waiting for element to be visible, enabled and stable
-   element is visible, enabled and stable
-   scrolling into view if needed
-   done scrolling
-   <svg width="26" height="26" xmlns="http://www.w3.org/2000/svg">…</svg> intercepts pointer events
- retrying click action, attempt #30
-   waiting 500ms
-   waiting for element to be visible, enabled and stable
-   element is visible, enabled and stable
-   scrolling into view if needed
-   done scrolling
-   <svg width="26" height="26" xmlns="http://www.w3.org/2000/svg">…</svg> intercepts pointer events
- retrying click action, attempt #31
-   waiting 500ms
-   waiting for element to be visible, enabled and stable
-   element is visible, enabled and stable
-   scrolling into view if needed
-   done scrolling
-   <svg width="26" height="26" xmlns="http://www.w3.org/2000/svg">…</svg> intercepts pointer events
- retrying click action, attempt #32
-   waiting 500ms
-   waiting for element to be visible, enabled and stable
-   element is visible, enabled and stable
-   scrolling into view if needed
-   done scrolling
-   <svg width="26" height="26" xmlns="http://www.w3.org/2000/svg">…</svg> intercepts pointer events
- retrying click action, attempt #33
-   waiting 500ms
-   waiting for element to be visible, enabled and stable
-   element is visible, enabled and stable
-   scrolling into view if needed
-   done scrolling
-   <svg width="26" height="26" xmlns="http://www.w3.org/2000/svg">…</svg> intercepts pointer events
- retrying click action, attempt #34
-   waiting 500ms
-   waiting for element to be visible, enabled and stable
-   element is visible, enabled and stable
-   scrolling into view if needed
-   done scrolling
-   <svg width="26" height="26" xmlns="http://www.w3.org/2000/svg">…</svg> intercepts pointer events
- retrying click action, attempt #35
-   waiting 500ms
-   waiting for element to be visible, enabled and stable
-   element is visible, enabled and stable
-   scrolling into view if needed
-   done scrolling
-   <svg width="26" height="26" xmlns="http://www.w3.org/2000/svg">…</svg> intercepts pointer events
- retrying click action, attempt #36
-   waiting 500ms
-   waiting for element to be visible, enabled and stable
-   element is visible, enabled and stable
-   scrolling into view if needed
-   done scrolling
-   <svg width="26" height="26" xmlns="http://www.w3.org/2000/svg">…</svg> intercepts pointer events
- retrying click action, attempt #37
-   waiting 500ms
-   waiting for element to be visible, enabled and stable
-   element is visible, enabled and stable
-   scrolling into view if needed
-   done scrolling
-   <svg width="26" height="26" xmlns="http://www.w3.org/2000/svg">…</svg> intercepts pointer events
- retrying click action, attempt #38
-   waiting 500ms
-   waiting for element to be visible, enabled and stable
-   element is visible, enabled and stable
-   scrolling into view if needed
-   done scrolling
-   <svg width="26" height="26" xmlns="http://www.w3.org/2000/svg">…</svg> intercepts pointer events
- retrying click action, attempt #39
-   waiting 500ms
-   waiting for element to be visible, enabled and stable
-   element is visible, enabled and stable
-   scrolling into view if needed
-   done scrolling
-   <svg width="26" height="26" xmlns="http://www.w3.org/2000/svg">…</svg> intercepts pointer events
- retrying click action, attempt #40
-   waiting 500ms
-   waiting for element to be visible, enabled and stable
-   element is visible, enabled and stable
-   scrolling into view if needed
-   done scrolling
-   <svg width="26" height="26" xmlns="http://www.w3.org/2000/svg">…</svg> intercepts pointer events
- retrying click action, attempt #41
-   waiting 500ms
-   waiting for element to be visible, enabled and stable
-   element is visible, enabled and stable
-   scrolling into view if needed
-   done scrolling
-   <svg width="26" height="26" xmlns="http://www.w3.org/2000/svg">…</svg> intercepts pointer events
- retrying click action, attempt #42
-   waiting 500ms
-   waiting for element to be visible, enabled and stable
-   element is visible, enabled and stable
-   scrolling into view if needed
-   done scrolling
-   <svg width="26" height="26" xmlns="http://www.w3.org/2000/svg">…</svg> intercepts pointer events
- retrying click action, attempt #43
-   waiting 500ms
-   waiting for element to be visible, enabled and stable
-   element is visible, enabled and stable
-   scrolling into view if needed
-   done scrolling
-   <svg width="26" height="26" xmlns="http://www.w3.org/2000/svg">…</svg> intercepts pointer events
- retrying click action, attempt #44
-   waiting 500ms
-   waiting for element to be visible, enabled and stable
-   element is visible, enabled and stable
-   scrolling into view if needed
-   done scrolling
-   <svg width="26" height="26" xmlns="http://www.w3.org/2000/svg">…</svg> intercepts pointer events
- retrying click action, attempt #45
-   waiting 500ms
-   waiting for element to be visible, enabled and stable
-   element is visible, enabled and stable
-   scrolling into view if needed
-   done scrolling
-   <svg width="26" height="26" xmlns="http://www.w3.org/2000/svg">…</svg> intercepts pointer events
- retrying click action, attempt #46
-   waiting 500ms
-   waiting for element to be visible, enabled and stable
-   element is visible, enabled and stable
-   scrolling into view if needed
-   done scrolling
-   <svg width="26" height="26" xmlns="http://www.w3.org/2000/svg">…</svg> intercepts pointer events
- retrying click action, attempt #47
-   waiting 500ms
-   waiting for element to be visible, enabled and stable
-   element is visible, enabled and stable
-   scrolling into view if needed
-   done scrolling
-   <svg width="26" height="26" xmlns="http://www.w3.org/2000/svg">…</svg> intercepts pointer events
- retrying click action, attempt #48
-   waiting 500ms
-   waiting for element to be visible, enabled and stable
-   element is visible, enabled and stable
-   scrolling into view if needed
-   done scrolling
-   <svg width="26" height="26" xmlns="http://www.w3.org/2000/svg">…</svg> intercepts pointer events
- retrying click action, attempt #49
-   waiting 500ms
-   waiting for element to be visible, enabled and stable
-   element is visible, enabled and stable
-   scrolling into view if needed
-   done scrolling
-   <svg width="26" height="26" xmlns="http://www.w3.org/2000/svg">…</svg> intercepts pointer events
- retrying click action, attempt #50
-   waiting 500ms
-   waiting for element to be visible, enabled and stable
-   element is visible, enabled and stable
-   scrolling into view if needed
-   done scrolling
-   <svg width="26" height="26" xmlns="http://www.w3.org/2000/svg">…</svg> intercepts pointer events
- retrying click action, attempt #51
-   waiting 500ms
-   waiting for element to be visible, enabled and stable
-   element is visible, enabled and stable
-   scrolling into view if needed
-   done scrolling
-   <svg width="26" height="26" xmlns="http://www.w3.org/2000/svg">…</svg> intercepts pointer events
- retrying click action, attempt #52
-   waiting 500ms
-   waiting for element to be visible, enabled and stable
-   element is visible, enabled and stable
-   scrolling into view if needed
-   done scrolling
-   <svg width="26" height="26" xmlns="http://www.w3.org/2000/svg">…</svg> intercepts pointer events
- retrying click action, attempt #53
-   waiting 500ms
-   waiting for element to be visible, enabled and stable
-   element is visible, enabled and stable
-   scrolling into view if needed
-   done scrolling
-   <svg width="26" height="26" xmlns="http://www.w3.org/2000/svg">…</svg> intercepts pointer events
- retrying click action, attempt #54
-   waiting 500ms
-   waiting for element to be visible, enabled and stable
-   element is visible, enabled and stable
-   scrolling into view if needed
-   done scrolling
-   <svg width="26" height="26" xmlns="http://www.w3.org/2000/svg">…</svg> intercepts pointer events
- retrying click action, attempt #55
-   waiting 500ms
-   waiting for element to be visible, enabled and stable
-   element is visible, enabled and stable
-   scrolling into view if needed
-   done scrolling
-   <svg width="26" height="26" xmlns="http://www.w3.org/2000/svg">…</svg> intercepts pointer events
- retrying click action, attempt #56
-   waiting 500ms
-   waiting for element to be visible, enabled and stable
-   element is visible, enabled and stable
-   scrolling into view if needed
-   done scrolling
-   <svg width="26" height="26" xmlns="http://www.w3.org/2000/svg">…</svg> intercepts pointer events
- retrying click action, attempt #57
-   waiting 500ms
-   waiting for element to be visible, enabled and stable
-   element is visible, enabled and stable
-   scrolling into view if needed
-   done scrolling
-   <svg width="26" height="26" xmlns="http://www.w3.org/2000/svg">…</svg> intercepts pointer events
- retrying click action, attempt #58
-   waiting 500ms
-   waiting for element to be visible, enabled and stable
-   element is visible, enabled and stable
-   scrolling into view if needed
-   done scrolling
-   <svg width="26" height="26" xmlns="http://www.w3.org/2000/svg">…</svg> intercepts pointer events
- retrying click action, attempt #59
-   waiting 500ms

at com.microsoft.playwright.impl.WaitableResult.get(WaitableResult.java:52)
at com.microsoft.playwright.impl.ChannelOwner.runUntil(ChannelOwner.java:120)
at com.microsoft.playwright.impl.Connection.sendMessage(Connection.java:130)
at com.microsoft.playwright.impl.ChannelOwner.sendMessage(ChannelOwner.java:106)
at com.microsoft.playwright.impl.FrameImpl.clickImpl(FrameImpl.java:252)
at com.microsoft.playwright.impl.FrameImpl.lambda$click$8(FrameImpl.java:243)
at com.microsoft.playwright.impl.LoggingSupport.lambda$withLogging$0(LoggingSupport.java:36)
at com.microsoft.playwright.impl.LoggingSupport.withLogging(LoggingSupport.java:47)
at com.microsoft.playwright.impl.ChannelOwner.withLogging(ChannelOwner.java:89)
at com.microsoft.playwright.impl.LoggingSupport.withLogging(LoggingSupport.java:35)
at com.microsoft.playwright.impl.FrameImpl.click(FrameImpl.java:243)
at com.microsoft.playwright.impl.LocatorImpl.click(LocatorImpl.java:160)
at com.microsoft.playwright.Locator.click(Locator.java:2406)
at J2_CHECKOUT_FLOW.OpenBrowser(J2_CHECKOUT_FLOW.java:65)
at java.base/jdk.internal.reflect.DirectMethodHandleAccessor.invoke(DirectMethodHandleAccessor.java:103)
at java.base/java.lang.reflect.Method.invoke(Method.java:580)
at org.testng.internal.MethodInvocationHelper.invokeMethod(MethodInvocationHelper.java:133)
at org.testng.internal.TestInvoker.invokeMethod(TestInvoker.java:598)
at org.testng.internal.TestInvoker.invokeTestMethod(TestInvoker.java:173)
at org.testng.internal.MethodRunner.runInSequence(MethodRunner.java:46)
at org.testng.internal.TestInvoker$MethodInvocationAgent.invoke(TestInvoker.java:824)
at org.testng.internal.TestInvoker.invokeTestMethods(TestInvoker.java:146)
at org.testng.internal.TestMethodWorker.invokeTestMethods(TestMethodWorker.java:146)
at org.testng.internal.TestMethodWorker.run(TestMethodWorker.java:128)
at java.base/java.util.ArrayList.forEach(ArrayList.java:1597)
at org.testng.TestRunner.privateRun(TestRunner.java:794)
at org.testng.TestRunner.run(TestRunner.java:596)
at org.testng.SuiteRunner.runTest(SuiteRunner.java:377)
at org.testng.SuiteRunner.runSequentially(SuiteRunner.java:371)
at org.testng.SuiteRunner.privateRun(SuiteRunner.java:332)
at org.testng.SuiteRunner.run(SuiteRunner.java:276)
at org.testng.SuiteRunnerWorker.runSuite(SuiteRunnerWorker.java:53)
at org.testng.SuiteRunnerWorker.run(SuiteRunnerWorker.java:96)
at org.testng.TestNG.runSuitesSequentially(TestNG.java:1212)
at org.testng.TestNG.runSuitesLocally(TestNG.java:1134)
at org.testng.TestNG.runSuites(TestNG.java:1063)
at org.testng.TestNG.run(TestNG.java:1031)
at org.testng.remote.AbstractRemoteTestNG.run(AbstractRemoteTestNG.java:115)
at org.testng.remote.RemoteTestNG.initAndRun(RemoteTestNG.java:251)
at org.testng.remote.RemoteTestNG.main(RemoteTestNG.java:77)
Caused by: com.microsoft.playwright.TimeoutError: Error {
  message='Timeout 30000ms exceeded.
  name='TimeoutError
  stack='TimeoutError: Timeout 30000ms exceeded.
    at ProgressController.run (C:\Users\Clss-35\AppData\Local\Temp\playwright-java-7739457311250402025\package\lib\server\progress.js:78:26)
    at Frame.click (C:\Users\Clss-35\AppData\Local\Temp\playwright-java-7739457311250402025\package\lib\server\frames.js:1007:23)
    at FrameDispatcher.click (C:\Users\Clss-35\AppData\Local\Temp\playwright-java-7739457311250402025\package\lib\server\dispatchers\frameDispatcher.js:157:30)
    at FrameDispatcher._handleCommand (C:\Users\Clss-35\AppData\Local\Temp\playwright-java-7739457311250402025\package\lib\server\dispatchers\dispatcher.js:94:40)
    at DispatcherConnection.dispatch (C:\Users\Clss-35\AppData\Local\Temp\playwright-java-7739457311250402025\package\lib\server\dispatchers\dispatcher.js:361:39)
}
Call log:
- waiting for locator("li").filter(new Locator.FilterOptions().setHasText("Welcome geetaben patelMy")).locator("path")
-   locator resolved to <path d="M13 11.632A5.816 5.816 0 1 0 13 0a5.816 5.816 0 0 0 0 11.632ZM13 13C7.332 13 2.737 17.595 2.737 23.263A2.737 2.737 0 0 0 5.474 26h15.052a2.737 2.737 0 0 0 2.737-2.737C23.263 17.595 18.668 13 13 13Z"></path>
- attempting click action
-   waiting for element to be visible, enabled and stable
-   element is visible, enabled and stable
-   scrolling into view if needed
-   done scrolling
-   <svg width="26" height="26" xmlns="http://www.w3.org/2000/svg">…</svg> intercepts pointer events
- retrying click action, attempt #1
-   waiting for element to be visible, enabled and stable
-   element is visible, enabled and stable
-   scrolling into view if needed
-   done scrolling
-   <svg width="26" height="26" xmlns="http://www.w3.org/2000/svg">…</svg> intercepts pointer events
- retrying click action, attempt #2
-   waiting 20ms
-   waiting for element to be visible, enabled and stable
-   element is visible, enabled and stable
-   scrolling into view if needed
-   done scrolling
-   <svg width="26" height="26" xmlns="http://www.w3.org/2000/svg">…</svg> intercepts pointer events
- retrying click action, attempt #3
-   waiting 100ms
-   waiting for element to be visible, enabled and stable
-   element is visible, enabled and stable
-   scrolling into view if needed
-   done scrolling
-   <svg width="26" height="26" xmlns="http://www.w3.org/2000/svg">…</svg> intercepts pointer events
- retrying click action, attempt #4
-   waiting 100ms
-   waiting for element to be visible, enabled and stable
-   element is visible, enabled and stable
-   scrolling into view if needed
-   done scrolling
-   <svg width="26" height="26" xmlns="http://www.w3.org/2000/svg">…</svg> intercepts pointer events
- retrying click action, attempt #5
-   waiting 500ms
-   waiting for element to be visible, enabled and stable
-   element is visible, enabled and stable
-   scrolling into view if needed
-   done scrolling
-   <svg width="26" height="26" xmlns="http://www.w3.org/2000/svg">…</svg> intercepts pointer events
- retrying click action, attempt #6
-   waiting 500ms
-   waiting for element to be visible, enabled and stable
-   element is visible, enabled and stable
-   scrolling into view if needed
-   done scrolling
-   <svg width="26" height="26" xmlns="http://www.w3.org/2000/svg">…</svg> intercepts pointer events
- retrying click action, attempt #7
-   waiting 500ms
-   waiting for element to be visible, enabled and stable
-   element is visible, enabled and stable
-   scrolling into view if needed
-   done scrolling
-   <svg width="26" height="26" xmlns="http://www.w3.org/2000/svg">…</svg> intercepts pointer events
- retrying click action, attempt #8
-   waiting 500ms
-   waiting for element to be visible, enabled and stable
-   element is visible, enabled and stable
-   scrolling into view if needed
-   done scrolling
-   <svg width="26" height="26" xmlns="http://www.w3.org/2000/svg">…</svg> intercepts pointer events
- retrying click action, attempt #9
-   waiting 500ms
-   waiting for element to be visible, enabled and stable
-   element is visible, enabled and stable
-   scrolling into view if needed
-   done scrolling
-   <svg width="26" height="26" xmlns="http://www.w3.org/2000/svg">…</svg> intercepts pointer events
- retrying click action, attempt #10
-   waiting 500ms
-   waiting for element to be visible, enabled and stable
-   element is visible, enabled and stable
-   scrolling into view if needed
-   done scrolling
-   <svg width="26" height="26" xmlns="http://www.w3.org/2000/svg">…</svg> intercepts pointer events
- retrying click action, attempt #11
-   waiting 500ms
-   waiting for element to be visible, enabled and stable
-   element is visible, enabled and stable
-   scrolling into view if needed
-   done scrolling
-   <svg width="26" height="26" xmlns="http://www.w3.org/2000/svg">…</svg> intercepts pointer events
- retrying click action, attempt #12
-   waiting 500ms
-   waiting for element to be visible, enabled and stable
-   element is visible, enabled and stable
-   scrolling into view if needed
-   done scrolling
-   <svg width="26" height="26" xmlns="http://www.w3.org/2000/svg">…</svg> intercepts pointer events
- retrying click action, attempt #13
-   waiting 500ms
-   waiting for element to be visible, enabled and stable
-   element is visible, enabled and stable
-   scrolling into view if needed
-   done scrolling
-   <svg width="26" height="26" xmlns="http://www.w3.org/2000/svg">…</svg> intercepts pointer events
- retrying click action, attempt #14
-   waiting 500ms
-   waiting for element to be visible, enabled and stable
-   element is visible, enabled and stable
-   scrolling into view if needed
-   done scrolling
-   <svg width="26" height="26" xmlns="http://www.w3.org/2000/svg">…</svg> intercepts pointer events
- retrying click action, attempt #15
-   waiting 500ms
-   waiting for element to be visible, enabled and stable
-   element is visible, enabled and stable
-   scrolling into view if needed
-   done scrolling
-   <svg width="26" height="26" xmlns="http://www.w3.org/2000/svg">…</svg> intercepts pointer events
- retrying click action, attempt #16
-   waiting 500ms
-   waiting for element to be visible, enabled and stable
-   element is visible, enabled and stable
-   scrolling into view if needed
-   done scrolling
-   <svg width="26" height="26" xmlns="http://www.w3.org/2000/svg">…</svg> intercepts pointer events
- retrying click action, attempt #17
-   waiting 500ms
-   waiting for element to be visible, enabled and stable
-   element is visible, enabled and stable
-   scrolling into view if needed
-   done scrolling
-   <svg width="26" height="26" xmlns="http://www.w3.org/2000/svg">…</svg> intercepts pointer events
- retrying click action, attempt #18
-   waiting 500ms
-   waiting for element to be visible, enabled and stable
-   element is visible, enabled and stable
-   scrolling into view if needed
-   done scrolling
-   <svg width="26" height="26" xmlns="http://www.w3.org/2000/svg">…</svg> intercepts pointer events
- retrying click action, attempt #19
-   waiting 500ms
-   waiting for element to be visible, enabled and stable
-   element is visible, enabled and stable
-   scrolling into view if needed
-   done scrolling
-   <svg width="26" height="26" xmlns="http://www.w3.org/2000/svg">…</svg> intercepts pointer events
- retrying click action, attempt #20
-   waiting 500ms
-   waiting for element to be visible, enabled and stable
-   element is visible, enabled and stable
-   scrolling into view if needed
-   done scrolling
-   <svg width="26" height="26" xmlns="http://www.w3.org/2000/svg">…</svg> intercepts pointer events
- retrying click action, attempt #21
-   waiting 500ms
-   waiting for element to be visible, enabled and stable
-   element is visible, enabled and stable
-   scrolling into view if needed
-   done scrolling
-   <svg width="26" height="26" xmlns="http://www.w3.org/2000/svg">…</svg> intercepts pointer events
- retrying click action, attempt #22
-   waiting 500ms
-   waiting for element to be visible, enabled and stable
-   element is visible, enabled and stable
-   scrolling into view if needed
-   done scrolling
-   <svg width="26" height="26" xmlns="http://www.w3.org/2000/svg">…</svg> intercepts pointer events
- retrying click action, attempt #23
-   waiting 500ms
-   waiting for element to be visible, enabled and stable
-   element is visible, enabled and stable
-   scrolling into view if needed
-   done scrolling
-   <svg width="26" height="26" xmlns="http://www.w3.org/2000/svg">…</svg> intercepts pointer events
- retrying click action, attempt #24
-   waiting 500ms
-   waiting for element to be visible, enabled and stable
-   element is visible, enabled and stable
-   scrolling into view if needed
-   done scrolling
-   <svg width="26" height="26" xmlns="http://www.w3.org/2000/svg">…</svg> intercepts pointer events
- retrying click action, attempt #25
-   waiting 500ms
-   waiting for element to be visible, enabled and stable
-   element is visible, enabled and stable
-   scrolling into view if needed
-   done scrolling
-   <svg width="26" height="26" xmlns="http://www.w3.org/2000/svg">…</svg> intercepts pointer events
- retrying click action, attempt #26
-   waiting 500ms
-   waiting for element to be visible, enabled and stable
-   element is visible, enabled and stable
-   scrolling into view if needed
-   done scrolling
-   <svg width="26" height="26" xmlns="http://www.w3.org/2000/svg">…</svg> intercepts pointer events
- retrying click action, attempt #27
-   waiting 500ms
-   waiting for element to be visible, enabled and stable
-   element is visible, enabled and stable
-   scrolling into view if needed
-   done scrolling
-   <svg width="26" height="26" xmlns="http://www.w3.org/2000/svg">…</svg> intercepts pointer events
- retrying click action, attempt #28
-   waiting 500ms
-   waiting for element to be visible, enabled and stable
-   element is visible, enabled and stable
-   scrolling into view if needed
-   done scrolling
-   <svg width="26" height="26" xmlns="http://www.w3.org/2000/svg">…</svg> intercepts pointer events
- retrying click action, attempt #29
-   waiting 500ms
-   waiting for element to be visible, enabled and stable
-   element is visible, enabled and stable
-   scrolling into view if needed
-   done scrolling
-   <svg width="26" height="26" xmlns="http://www.w3.org/2000/svg">…</svg> intercepts pointer events
- retrying click action, attempt #30
-   waiting 500ms
-   waiting for element to be visible, enabled and stable
-   element is visible, enabled and stable
-   scrolling into view if needed
-   done scrolling
-   <svg width="26" height="26" xmlns="http://www.w3.org/2000/svg">…</svg> intercepts pointer events
- retrying click action, attempt #31
-   waiting 500ms
-   waiting for element to be visible, enabled and stable
-   element is visible, enabled and stable
-   scrolling into view if needed
-   done scrolling
-   <svg width="26" height="26" xmlns="http://www.w3.org/2000/svg">…</svg> intercepts pointer events
- retrying click action, attempt #32
-   waiting 500ms
-   waiting for element to be visible, enabled and stable
-   element is visible, enabled and stable
-   scrolling into view if needed
-   done scrolling
-   <svg width="26" height="26" xmlns="http://www.w3.org/2000/svg">…</svg> intercepts pointer events
- retrying click action, attempt #33
-   waiting 500ms
-   waiting for element to be visible, enabled and stable
-   element is visible, enabled and stable
-   scrolling into view if needed
-   done scrolling
-   <svg width="26" height="26" xmlns="http://www.w3.org/2000/svg">…</svg> intercepts pointer events
- retrying click action, attempt #34
-   waiting 500ms
-   waiting for element to be visible, enabled and stable
-   element is visible, enabled and stable
-   scrolling into view if needed
-   done scrolling
-   <svg width="26" height="26" xmlns="http://www.w3.org/2000/svg">…</svg> intercepts pointer events
- retrying click action, attempt #35
-   waiting 500ms
-   waiting for element to be visible, enabled and stable
-   element is visible, enabled and stable
-   scrolling into view if needed
-   done scrolling
-   <svg width="26" height="26" xmlns="http://www.w3.org/2000/svg">…</svg> intercepts pointer events
- retrying click action, attempt #36
-   waiting 500ms
-   waiting for element to be visible, enabled and stable
-   element is visible, enabled and stable
-   scrolling into view if needed
-   done scrolling
-   <svg width="26" height="26" xmlns="http://www.w3.org/2000/svg">…</svg> intercepts pointer events
- retrying click action, attempt #37
-   waiting 500ms
-   waiting for element to be visible, enabled and stable
-   element is visible, enabled and stable
-   scrolling into view if needed
-   done scrolling
-   <svg width="26" height="26" xmlns="http://www.w3.org/2000/svg">…</svg> intercepts pointer events
- retrying click action, attempt #38
-   waiting 500ms
-   waiting for element to be visible, enabled and stable
-   element is visible, enabled and stable
-   scrolling into view if needed
-   done scrolling
-   <svg width="26" height="26" xmlns="http://www.w3.org/2000/svg">…</svg> intercepts pointer events
- retrying click action, attempt #39
-   waiting 500ms
-   waiting for element to be visible, enabled and stable
-   element is visible, enabled and stable
-   scrolling into view if needed
-   done scrolling
-   <svg width="26" height="26" xmlns="http://www.w3.org/2000/svg">…</svg> intercepts pointer events
- retrying click action, attempt #40
-   waiting 500ms
-   waiting for element to be visible, enabled and stable
-   element is visible, enabled and stable
-   scrolling into view if needed
-   done scrolling
-   <svg width="26" height="26" xmlns="http://www.w3.org/2000/svg">…</svg> intercepts pointer events
- retrying click action, attempt #41
-   waiting 500ms
-   waiting for element to be visible, enabled and stable
-   element is visible, enabled and stable
-   scrolling into view if needed
-   done scrolling
-   <svg width="26" height="26" xmlns="http://www.w3.org/2000/svg">…</svg> intercepts pointer events
- retrying click action, attempt #42
-   waiting 500ms
-   waiting for element to be visible, enabled and stable
-   element is visible, enabled and stable
-   scrolling into view if needed
-   done scrolling
-   <svg width="26" height="26" xmlns="http://www.w3.org/2000/svg">…</svg> intercepts pointer events
- retrying click action, attempt #43
-   waiting 500ms
-   waiting for element to be visible, enabled and stable
-   element is visible, enabled and stable
-   scrolling into view if needed
-   done scrolling
-   <svg width="26" height="26" xmlns="http://www.w3.org/2000/svg">…</svg> intercepts pointer events
- retrying click action, attempt #44
-   waiting 500ms
-   waiting for element to be visible, enabled and stable
-   element is visible, enabled and stable
-   scrolling into view if needed
-   done scrolling
-   <svg width="26" height="26" xmlns="http://www.w3.org/2000/svg">…</svg> intercepts pointer events
- retrying click action, attempt #45
-   waiting 500ms
-   waiting for element to be visible, enabled and stable
-   element is visible, enabled and stable
-   scrolling into view if needed
-   done scrolling
-   <svg width="26" height="26" xmlns="http://www.w3.org/2000/svg">…</svg> intercepts pointer events
- retrying click action, attempt #46
-   waiting 500ms
-   waiting for element to be visible, enabled and stable
-   element is visible, enabled and stable
-   scrolling into view if needed
-   done scrolling
-   <svg width="26" height="26" xmlns="http://www.w3.org/2000/svg">…</svg> intercepts pointer events
- retrying click action, attempt #47
-   waiting 500ms
-   waiting for element to be visible, enabled and stable
-   element is visible, enabled and stable
-   scrolling into view if needed
-   done scrolling
-   <svg width="26" height="26" xmlns="http://www.w3.org/2000/svg">…</svg> intercepts pointer events
- retrying click action, attempt #48
-   waiting 500ms
-   waiting for element to be visible, enabled and stable
-   element is visible, enabled and stable
-   scrolling into view if needed
-   done scrolling
-   <svg width="26" height="26" xmlns="http://www.w3.org/2000/svg">…</svg> intercepts pointer events
- retrying click action, attempt #49
-   waiting 500ms
-   waiting for element to be visible, enabled and stable
-   element is visible, enabled and stable
-   scrolling into view if needed
-   done scrolling
-   <svg width="26" height="26" xmlns="http://www.w3.org/2000/svg">…</svg> intercepts pointer events
- retrying click action, attempt #50
-   waiting 500ms
-   waiting for element to be visible, enabled and stable
-   element is visible, enabled and stable
-   scrolling into view if needed
-   done scrolling
-   <svg width="26" height="26" xmlns="http://www.w3.org/2000/svg">…</svg> intercepts pointer events
- retrying click action, attempt #51
-   waiting 500ms
-   waiting for element to be visible, enabled and stable
-   element is visible, enabled and stable
-   scrolling into view if needed
-   done scrolling
-   <svg width="26" height="26" xmlns="http://www.w3.org/2000/svg">…</svg> intercepts pointer events
- retrying click action, attempt #52
-   waiting 500ms
-   waiting for element to be visible, enabled and stable
-   element is visible, enabled and stable
-   scrolling into view if needed
-   done scrolling
-   <svg width="26" height="26" xmlns="http://www.w3.org/2000/svg">…</svg> intercepts pointer events
- retrying click action, attempt #53
-   waiting 500ms
-   waiting for element to be visible, enabled and stable
-   element is visible, enabled and stable
-   scrolling into view if needed
-   done scrolling
-   <svg width="26" height="26" xmlns="http://www.w3.org/2000/svg">…</svg> intercepts pointer events
- retrying click action, attempt #54
-   waiting 500ms
-   waiting for element to be visible, enabled and stable
-   element is visible, enabled and stable
-   scrolling into view if needed
-   done scrolling
-   <svg width="26" height="26" xmlns="http://www.w3.org/2000/svg">…</svg> intercepts pointer events
- retrying click action, attempt #55
-   waiting 500ms
-   waiting for element to be visible, enabled and stable
-   element is visible, enabled and stable
-   scrolling into view if needed
-   done scrolling
-   <svg width="26" height="26" xmlns="http://www.w3.org/2000/svg">…</svg> intercepts pointer events
- retrying click action, attempt #56
-   waiting 500ms
-   waiting for element to be visible, enabled and stable
-   element is visible, enabled and stable
-   scrolling into view if needed
-   done scrolling
-   <svg width="26" height="26" xmlns="http://www.w3.org/2000/svg">…</svg> intercepts pointer events
- retrying click action, attempt #57
-   waiting 500ms
-   waiting for element to be visible, enabled and stable
-   element is visible, enabled and stable
-   scrolling into view if needed
-   done scrolling
-   <svg width="26" height="26" xmlns="http://www.w3.org/2000/svg">…</svg> intercepts pointer events
- retrying click action, attempt #58
-   waiting 500ms
-   waiting for element to be visible, enabled and stable
-   element is visible, enabled and stable
-   scrolling into view if needed
-   done scrolling
-   <svg width="26" height="26" xmlns="http://www.w3.org/2000/svg">…</svg> intercepts pointer events
- retrying click action, attempt #59
-   waiting 500ms

at com.microsoft.playwright.impl.Connection.dispatch(Connection.java:254)
at com.microsoft.playwright.impl.Connection.processOneMessage(Connection.java:211)
at com.microsoft.playwright.impl.ChannelOwner.runUntil(ChannelOwner.java:118)
... 38 more
]]>
    </error>
  </testcase> <!-- OpenBrowser -->
  <system-out/>
</testsuite> <!-- J2_CHECKOUT_FLOW -->
