<?xml version="1.0" encoding="UTF-8"?>
<!-- Generated by org.testng.reporters.JUnitReportReporter -->
<testsuite hostname="DESKTOP-1MMARS9" failures="0" tests="1" name="PF" time="14.151" errors="0" timestamp="2024-09-03T11:20:17 IST" skipped="0">
  <testcase classname="PF" name="OpenBrowser" time="14.151"/>
  <system-out/>
</testsuite> <!-- PF -->
