<?xml version="1.0" encoding="UTF-8"?>
<!-- Generated by org.testng.reporters.JUnitReportReporter -->
<testsuite hostname="DESKTOP-1MMARS9" failures="0" tests="1" name="docker" time="7.435" errors="0" timestamp="2024-05-02T12:01:21 IST" skipped="0">
  <testcase classname="docker" name="hpd" time="7.435"/>
  <system-out/>
</testsuite> <!-- docker -->
