<?xml version="1.0" encoding="UTF-8"?>
<!-- Generated by org.testng.reporters.JUnitReportReporter -->
<testsuite hostname="DESKTOP-1MMARS9" failures="0" tests="1" name="AWS" time="4.650" errors="0" timestamp="2024-09-02T17:47:41 IST" skipped="0">
  <testcase classname="AWS" name="OpenBrowser" time="4.650"/>
  <system-out/>
</testsuite> <!-- AWS -->
